npm ERR! missing script: start

npm ERR! A complete log of this run can be found in:
npm ERR!     /home/vaneetkaushal/.npm/_logs/2019-03-28T15_13_55_989Z-debug.log

> points-to-tokens@1.0.0 start /home/vaneetkaushal/public_html/pcs/nodecxc
> node app.js

server running at port 3000

> points-to-tokens@1.0.0 start /home/vaneetkaushal/public_html/pcs/nodecxc
> node app.js

server running at port 3000
addUserPoints(), line 246 in app.js
addUserPoints(undefined, undefined)
TypeError: Cannot read property 'isAddress' of undefined
    at app.post (/home/vaneetkaushal/public_html/pcs/nodecxc/app.js:87:19)
    at Layer.handle [as handle_request] (/home/vaneetkaushal/node_modules/express/lib/router/layer.js:95:5)
    at next (/home/vaneetkaushal/node_modules/express/lib/router/route.js:137:13)
    at Route.dispatch (/home/vaneetkaushal/node_modules/express/lib/router/route.js:112:3)
    at Layer.handle [as handle_request] (/home/vaneetkaushal/node_modules/express/lib/router/layer.js:95:5)
    at /home/vaneetkaushal/node_modules/express/lib/router/index.js:281:22
    at Function.process_params (/home/vaneetkaushal/node_modules/express/lib/router/index.js:335:12)
    at next (/home/vaneetkaushal/node_modules/express/lib/router/index.js:275:10)
    at urlencodedParser (/home/vaneetkaushal/node_modules/body-parser/lib/types/urlencoded.js:100:7)
    at Layer.handle [as handle_request] (/home/vaneetkaushal/node_modules/express/lib/router/layer.js:95:5)
TypeError: Cannot read property 'isAddress' of undefined
    at app.post (/home/vaneetkaushal/public_html/pcs/nodecxc/app.js:87:19)
    at Layer.handle [as handle_request] (/home/vaneetkaushal/node_modules/express/lib/router/layer.js:95:5)
    at next (/home/vaneetkaushal/node_modules/express/lib/router/route.js:137:13)
    at Route.dispatch (/home/vaneetkaushal/node_modules/express/lib/router/route.js:112:3)
    at Layer.handle [as handle_request] (/home/vaneetkaushal/node_modules/express/lib/router/layer.js:95:5)
    at /home/vaneetkaushal/node_modules/express/lib/router/index.js:281:22
    at Function.process_params (/home/vaneetkaushal/node_modules/express/lib/router/index.js:335:12)
    at next (/home/vaneetkaushal/node_modules/express/lib/router/index.js:275:10)
    at urlencodedParser (/home/vaneetkaushal/node_modules/body-parser/lib/types/urlencoded.js:100:7)
    at Layer.handle [as handle_request] (/home/vaneetkaushal/node_modules/express/lib/router/layer.js:95:5)
TypeError: Cannot read property 'isAddress' of undefined
    at app.post (/home/vaneetkaushal/public_html/pcs/nodecxc/app.js:87:19)
    at Layer.handle [as handle_request] (/home/vaneetkaushal/node_modules/express/lib/router/layer.js:95:5)
    at next (/home/vaneetkaushal/node_modules/express/lib/router/route.js:137:13)
    at Route.dispatch (/home/vaneetkaushal/node_modules/express/lib/router/route.js:112:3)
    at Layer.handle [as handle_request] (/home/vaneetkaushal/node_modules/express/lib/router/layer.js:95:5)
    at /home/vaneetkaushal/node_modules/express/lib/router/index.js:281:22
    at Function.process_params (/home/vaneetkaushal/node_modules/express/lib/router/index.js:335:12)
    at next (/home/vaneetkaushal/node_modules/express/lib/router/index.js:275:10)
    at urlencodedParser (/home/vaneetkaushal/node_modules/body-parser/lib/types/urlencoded.js:100:7)
    at Layer.handle [as handle_request] (/home/vaneetkaushal/node_modules/express/lib/router/layer.js:95:5)
TypeError: Cannot read property 'isAddress' of undefined
    at app.post (/home/vaneetkaushal/public_html/pcs/nodecxc/app.js:87:19)
    at Layer.handle [as handle_request] (/home/vaneetkaushal/node_modules/express/lib/router/layer.js:95:5)
    at next (/home/vaneetkaushal/node_modules/express/lib/router/route.js:137:13)
    at Route.dispatch (/home/vaneetkaushal/node_modules/express/lib/router/route.js:112:3)
    at Layer.handle [as handle_request] (/home/vaneetkaushal/node_modules/express/lib/router/layer.js:95:5)
    at /home/vaneetkaushal/node_modules/express/lib/router/index.js:281:22
    at Function.process_params (/home/vaneetkaushal/node_modules/express/lib/router/index.js:335:12)
    at next (/home/vaneetkaushal/node_modules/express/lib/router/index.js:275:10)
    at urlencodedParser (/home/vaneetkaushal/node_modules/body-parser/lib/types/urlencoded.js:100:7)
    at Layer.handle [as handle_request] (/home/vaneetkaushal/node_modules/express/lib/router/layer.js:95:5)
TypeError: Cannot read property 'isAddress' of undefined
    at app.post (/home/vaneetkaushal/public_html/pcs/nodecxc/app.js:87:19)
    at Layer.handle [as handle_request] (/home/vaneetkaushal/node_modules/express/lib/router/layer.js:95:5)
    at next (/home/vaneetkaushal/node_modules/express/lib/router/route.js:137:13)
    at Route.dispatch (/home/vaneetkaushal/node_modules/express/lib/router/route.js:112:3)
    at Layer.handle [as handle_request] (/home/vaneetkaushal/node_modules/express/lib/router/layer.js:95:5)
    at /home/vaneetkaushal/node_modules/express/lib/router/index.js:281:22
    at Function.process_params (/home/vaneetkaushal/node_modules/express/lib/router/index.js:335:12)
    at next (/home/vaneetkaushal/node_modules/express/lib/router/index.js:275:10)
    at urlencodedParser (/home/vaneetkaushal/node_modules/body-parser/lib/types/urlencoded.js:100:7)
    at Layer.handle [as handle_request] (/home/vaneetkaushal/node_modules/express/lib/router/layer.js:95:5)
TypeError: Cannot read property 'isAddress' of undefined
    at app.post (/home/vaneetkaushal/public_html/pcs/nodecxc/app.js:87:19)
    at Layer.handle [as handle_request] (/home/vaneetkaushal/node_modules/express/lib/router/layer.js:95:5)
    at next (/home/vaneetkaushal/node_modules/express/lib/router/route.js:137:13)
    at Route.dispatch (/home/vaneetkaushal/node_modules/express/lib/router/route.js:112:3)
    at Layer.handle [as handle_request] (/home/vaneetkaushal/node_modules/express/lib/router/layer.js:95:5)
    at /home/vaneetkaushal/node_modules/express/lib/router/index.js:281:22
    at Function.process_params (/home/vaneetkaushal/node_modules/express/lib/router/index.js:335:12)
    at next (/home/vaneetkaushal/node_modules/express/lib/router/index.js:275:10)
    at urlencodedParser (/home/vaneetkaushal/node_modules/body-parser/lib/types/urlencoded.js:82:7)
    at Layer.handle [as handle_request] (/home/vaneetkaushal/node_modules/express/lib/router/layer.js:95:5)
TypeError: Cannot read property 'isAddress' of undefined
    at app.post (/home/vaneetkaushal/public_html/pcs/nodecxc/app.js:87:19)
    at Layer.handle [as handle_request] (/home/vaneetkaushal/node_modules/express/lib/router/layer.js:95:5)
    at next (/home/vaneetkaushal/node_modules/express/lib/router/route.js:137:13)
    at Route.dispatch (/home/vaneetkaushal/node_modules/express/lib/router/route.js:112:3)
    at Layer.handle [as handle_request] (/home/vaneetkaushal/node_modules/express/lib/router/layer.js:95:5)
    at /home/vaneetkaushal/node_modules/express/lib/router/index.js:281:22
    at Function.process_params (/home/vaneetkaushal/node_modules/express/lib/router/index.js:335:12)
    at next (/home/vaneetkaushal/node_modules/express/lib/router/index.js:275:10)
    at urlencodedParser (/home/vaneetkaushal/node_modules/body-parser/lib/types/urlencoded.js:82:7)
    at Layer.handle [as handle_request] (/home/vaneetkaushal/node_modules/express/lib/router/layer.js:95:5)
TypeError: Cannot read property 'isAddress' of undefined
    at app.post (/home/vaneetkaushal/public_html/pcs/nodecxc/app.js:87:19)
    at Layer.handle [as handle_request] (/home/vaneetkaushal/node_modules/express/lib/router/layer.js:95:5)
    at next (/home/vaneetkaushal/node_modules/express/lib/router/route.js:137:13)
    at Route.dispatch (/home/vaneetkaushal/node_modules/express/lib/router/route.js:112:3)
    at Layer.handle [as handle_request] (/home/vaneetkaushal/node_modules/express/lib/router/layer.js:95:5)
    at /home/vaneetkaushal/node_modules/express/lib/router/index.js:281:22
    at Function.process_params (/home/vaneetkaushal/node_modules/express/lib/router/index.js:335:12)
    at next (/home/vaneetkaushal/node_modules/express/lib/router/index.js:275:10)
    at urlencodedParser (/home/vaneetkaushal/node_modules/body-parser/lib/types/urlencoded.js:82:7)
    at Layer.handle [as handle_request] (/home/vaneetkaushal/node_modules/express/lib/router/layer.js:95:5)
TypeError: Cannot read property 'isAddress' of undefined
    at app.post (/home/vaneetkaushal/public_html/pcs/nodecxc/app.js:87:19)
    at Layer.handle [as handle_request] (/home/vaneetkaushal/node_modules/express/lib/router/layer.js:95:5)
    at next (/home/vaneetkaushal/node_modules/express/lib/router/route.js:137:13)
    at Route.dispatch (/home/vaneetkaushal/node_modules/express/lib/router/route.js:112:3)
    at Layer.handle [as handle_request] (/home/vaneetkaushal/node_modules/express/lib/router/layer.js:95:5)
    at /home/vaneetkaushal/node_modules/express/lib/router/index.js:281:22
    at Function.process_params (/home/vaneetkaushal/node_modules/express/lib/router/index.js:335:12)
    at next (/home/vaneetkaushal/node_modules/express/lib/router/index.js:275:10)
    at urlencodedParser (/home/vaneetkaushal/node_modules/body-parser/lib/types/urlencoded.js:82:7)
    at Layer.handle [as handle_request] (/home/vaneetkaushal/node_modules/express/lib/router/layer.js:95:5)
TypeError: Cannot read property 'isAddress' of undefined
    at app.post (/home/vaneetkaushal/public_html/pcs/nodecxc/app.js:87:19)
    at Layer.handle [as handle_request] (/home/vaneetkaushal/node_modules/express/lib/router/layer.js:95:5)
    at next (/home/vaneetkaushal/node_modules/express/lib/router/route.js:137:13)
    at Route.dispatch (/home/vaneetkaushal/node_modules/express/lib/router/route.js:112:3)
    at Layer.handle [as handle_request] (/home/vaneetkaushal/node_modules/express/lib/router/layer.js:95:5)
    at /home/vaneetkaushal/node_modules/express/lib/router/index.js:281:22
    at Function.process_params (/home/vaneetkaushal/node_modules/express/lib/router/index.js:335:12)
    at next (/home/vaneetkaushal/node_modules/express/lib/router/index.js:275:10)
    at urlencodedParser (/home/vaneetkaushal/node_modules/body-parser/lib/types/urlencoded.js:82:7)
    at Layer.handle [as handle_request] (/home/vaneetkaushal/node_modules/express/lib/router/layer.js:95:5)
TypeError: Cannot read property 'isAddress' of undefined
    at app.post (/home/vaneetkaushal/public_html/pcs/nodecxc/app.js:87:19)
    at Layer.handle [as handle_request] (/home/vaneetkaushal/node_modules/express/lib/router/layer.js:95:5)
    at next (/home/vaneetkaushal/node_modules/express/lib/router/route.js:137:13)
    at Route.dispatch (/home/vaneetkaushal/node_modules/express/lib/router/route.js:112:3)
    at Layer.handle [as handle_request] (/home/vaneetkaushal/node_modules/express/lib/router/layer.js:95:5)
    at /home/vaneetkaushal/node_modules/express/lib/router/index.js:281:22
    at Function.process_params (/home/vaneetkaushal/node_modules/express/lib/router/index.js:335:12)
    at next (/home/vaneetkaushal/node_modules/express/lib/router/index.js:275:10)
    at urlencodedParser (/home/vaneetkaushal/node_modules/body-parser/lib/types/urlencoded.js:82:7)
    at Layer.handle [as handle_request] (/home/vaneetkaushal/node_modules/express/lib/router/layer.js:95:5)
TypeError: Cannot read property 'isAddress' of undefined
    at app.post (/home/vaneetkaushal/public_html/pcs/nodecxc/app.js:87:19)
    at Layer.handle [as handle_request] (/home/vaneetkaushal/node_modules/express/lib/router/layer.js:95:5)
    at next (/home/vaneetkaushal/node_modules/express/lib/router/route.js:137:13)
    at Route.dispatch (/home/vaneetkaushal/node_modules/express/lib/router/route.js:112:3)
    at Layer.handle [as handle_request] (/home/vaneetkaushal/node_modules/express/lib/router/layer.js:95:5)
    at /home/vaneetkaushal/node_modules/express/lib/router/index.js:281:22
    at Function.process_params (/home/vaneetkaushal/node_modules/express/lib/router/index.js:335:12)
    at next (/home/vaneetkaushal/node_modules/express/lib/router/index.js:275:10)
    at urlencodedParser (/home/vaneetkaushal/node_modules/body-parser/lib/types/urlencoded.js:82:7)
    at Layer.handle [as handle_request] (/home/vaneetkaushal/node_modules/express/lib/router/layer.js:95:5)
TypeError: Cannot read property 'isAddress' of undefined
    at app.post (/home/vaneetkaushal/public_html/pcs/nodecxc/app.js:87:19)
    at Layer.handle [as handle_request] (/home/vaneetkaushal/node_modules/express/lib/router/layer.js:95:5)
    at next (/home/vaneetkaushal/node_modules/express/lib/router/route.js:137:13)
    at Route.dispatch (/home/vaneetkaushal/node_modules/express/lib/router/route.js:112:3)
    at Layer.handle [as handle_request] (/home/vaneetkaushal/node_modules/express/lib/router/layer.js:95:5)
    at /home/vaneetkaushal/node_modules/express/lib/router/index.js:281:22
    at Function.process_params (/home/vaneetkaushal/node_modules/express/lib/router/index.js:335:12)
    at next (/home/vaneetkaushal/node_modules/express/lib/router/index.js:275:10)
    at urlencodedParser (/home/vaneetkaushal/node_modules/body-parser/lib/types/urlencoded.js:82:7)
    at Layer.handle [as handle_request] (/home/vaneetkaushal/node_modules/express/lib/router/layer.js:95:5)
TypeError: Cannot read property 'isAddress' of undefined
    at app.post (/home/vaneetkaushal/public_html/pcs/nodecxc/app.js:87:19)
    at Layer.handle [as handle_request] (/home/vaneetkaushal/node_modules/express/lib/router/layer.js:95:5)
    at next (/home/vaneetkaushal/node_modules/express/lib/router/route.js:137:13)
    at Route.dispatch (/home/vaneetkaushal/node_modules/express/lib/router/route.js:112:3)
    at Layer.handle [as handle_request] (/home/vaneetkaushal/node_modules/express/lib/router/layer.js:95:5)
    at /home/vaneetkaushal/node_modules/express/lib/router/index.js:281:22
    at Function.process_params (/home/vaneetkaushal/node_modules/express/lib/router/index.js:335:12)
    at next (/home/vaneetkaushal/node_modules/express/lib/router/index.js:275:10)
    at urlencodedParser (/home/vaneetkaushal/node_modules/body-parser/lib/types/urlencoded.js:82:7)
    at Layer.handle [as handle_request] (/home/vaneetkaushal/node_modules/express/lib/router/layer.js:95:5)
TypeError: Cannot read property 'isAddress' of undefined
    at app.post (/home/vaneetkaushal/public_html/pcs/nodecxc/app.js:87:19)
    at Layer.handle [as handle_request] (/home/vaneetkaushal/node_modules/express/lib/router/layer.js:95:5)
    at next (/home/vaneetkaushal/node_modules/express/lib/router/route.js:137:13)
    at Route.dispatch (/home/vaneetkaushal/node_modules/express/lib/router/route.js:112:3)
    at Layer.handle [as handle_request] (/home/vaneetkaushal/node_modules/express/lib/router/layer.js:95:5)
    at /home/vaneetkaushal/node_modules/express/lib/router/index.js:281:22
    at Function.process_params (/home/vaneetkaushal/node_modules/express/lib/router/index.js:335:12)
    at next (/home/vaneetkaushal/node_modules/express/lib/router/index.js:275:10)
    at urlencodedParser (/home/vaneetkaushal/node_modules/body-parser/lib/types/urlencoded.js:82:7)
    at Layer.handle [as handle_request] (/home/vaneetkaushal/node_modules/express/lib/router/layer.js:95:5)
TypeError: Cannot read property 'isAddress' of undefined
    at app.post (/home/vaneetkaushal/public_html/pcs/nodecxc/app.js:87:19)
    at Layer.handle [as handle_request] (/home/vaneetkaushal/node_modules/express/lib/router/layer.js:95:5)
    at next (/home/vaneetkaushal/node_modules/express/lib/router/route.js:137:13)
    at Route.dispatch (/home/vaneetkaushal/node_modules/express/lib/router/route.js:112:3)
    at Layer.handle [as handle_request] (/home/vaneetkaushal/node_modules/express/lib/router/layer.js:95:5)
    at /home/vaneetkaushal/node_modules/express/lib/router/index.js:281:22
    at Function.process_params (/home/vaneetkaushal/node_modules/express/lib/router/index.js:335:12)
    at next (/home/vaneetkaushal/node_modules/express/lib/router/index.js:275:10)
    at urlencodedParser (/home/vaneetkaushal/node_modules/body-parser/lib/types/urlencoded.js:82:7)
    at Layer.handle [as handle_request] (/home/vaneetkaushal/node_modules/express/lib/router/layer.js:95:5)
TypeError: Cannot read property 'isAddress' of undefined
    at app.post (/home/vaneetkaushal/public_html/pcs/nodecxc/app.js:87:19)
    at Layer.handle [as handle_request] (/home/vaneetkaushal/node_modules/express/lib/router/layer.js:95:5)
    at next (/home/vaneetkaushal/node_modules/express/lib/router/route.js:137:13)
    at Route.dispatch (/home/vaneetkaushal/node_modules/express/lib/router/route.js:112:3)
    at Layer.handle [as handle_request] (/home/vaneetkaushal/node_modules/express/lib/router/layer.js:95:5)
    at /home/vaneetkaushal/node_modules/express/lib/router/index.js:281:22
    at Function.process_params (/home/vaneetkaushal/node_modules/express/lib/router/index.js:335:12)
    at next (/home/vaneetkaushal/node_modules/express/lib/router/index.js:275:10)
    at urlencodedParser (/home/vaneetkaushal/node_modules/body-parser/lib/types/urlencoded.js:82:7)
    at Layer.handle [as handle_request] (/home/vaneetkaushal/node_modules/express/lib/router/layer.js:95:5)
addUserPoints(), line 246 in app.js
addUserPoints(samar, 20)
addUserPoints(), line 246 in app.js
addUserPoints(samar, 0)
addUserPoints(), line 246 in app.js
addUserPoints(samar, 0)
addUserPoints(), line 246 in app.js
addUserPoints(samar, 20)
TypeError: Cannot read property 'isAddress' of undefined
    at app.post (/home/vaneetkaushal/public_html/pcs/nodecxc/app.js:87:19)
    at Layer.handle [as handle_request] (/home/vaneetkaushal/node_modules/express/lib/router/layer.js:95:5)
    at next (/home/vaneetkaushal/node_modules/express/lib/router/route.js:137:13)
    at Route.dispatch (/home/vaneetkaushal/node_modules/express/lib/router/route.js:112:3)
    at Layer.handle [as handle_request] (/home/vaneetkaushal/node_modules/express/lib/router/layer.js:95:5)
    at /home/vaneetkaushal/node_modules/express/lib/router/index.js:281:22
    at Function.process_params (/home/vaneetkaushal/node_modules/express/lib/router/index.js:335:12)
    at next (/home/vaneetkaushal/node_modules/express/lib/router/index.js:275:10)
    at /home/vaneetkaushal/node_modules/body-parser/lib/read.js:130:5
    at invokeCallback (/home/vaneetkaushal/node_modules/raw-body/index.js:224:16)
TypeError: Cannot read property 'isAddress' of undefined
    at app.post (/home/vaneetkaushal/public_html/pcs/nodecxc/app.js:87:19)
    at Layer.handle [as handle_request] (/home/vaneetkaushal/node_modules/express/lib/router/layer.js:95:5)
    at next (/home/vaneetkaushal/node_modules/express/lib/router/route.js:137:13)
    at Route.dispatch (/home/vaneetkaushal/node_modules/express/lib/router/route.js:112:3)
    at Layer.handle [as handle_request] (/home/vaneetkaushal/node_modules/express/lib/router/layer.js:95:5)
    at /home/vaneetkaushal/node_modules/express/lib/router/index.js:281:22
    at Function.process_params (/home/vaneetkaushal/node_modules/express/lib/router/index.js:335:12)
    at next (/home/vaneetkaushal/node_modules/express/lib/router/index.js:275:10)
    at /home/vaneetkaushal/node_modules/body-parser/lib/read.js:130:5
    at invokeCallback (/home/vaneetkaushal/node_modules/raw-body/index.js:224:16)
TypeError: Cannot read property 'isAddress' of undefined
    at app.post (/home/vaneetkaushal/public_html/pcs/nodecxc/app.js:87:19)
    at Layer.handle [as handle_request] (/home/vaneetkaushal/node_modules/express/lib/router/layer.js:95:5)
    at next (/home/vaneetkaushal/node_modules/express/lib/router/route.js:137:13)
    at Route.dispatch (/home/vaneetkaushal/node_modules/express/lib/router/route.js:112:3)
    at Layer.handle [as handle_request] (/home/vaneetkaushal/node_modules/express/lib/router/layer.js:95:5)
    at /home/vaneetkaushal/node_modules/express/lib/router/index.js:281:22
    at Function.process_params (/home/vaneetkaushal/node_modules/express/lib/router/index.js:335:12)
    at next (/home/vaneetkaushal/node_modules/express/lib/router/index.js:275:10)
    at /home/vaneetkaushal/node_modules/body-parser/lib/read.js:130:5
    at invokeCallback (/home/vaneetkaushal/node_modules/raw-body/index.js:224:16)
TypeError: Cannot read property 'isAddress' of undefined
    at app.post (/home/vaneetkaushal/public_html/pcs/nodecxc/app.js:87:19)
    at Layer.handle [as handle_request] (/home/vaneetkaushal/node_modules/express/lib/router/layer.js:95:5)
    at next (/home/vaneetkaushal/node_modules/express/lib/router/route.js:137:13)
    at Route.dispatch (/home/vaneetkaushal/node_modules/express/lib/router/route.js:112:3)
    at Layer.handle [as handle_request] (/home/vaneetkaushal/node_modules/express/lib/router/layer.js:95:5)
    at /home/vaneetkaushal/node_modules/express/lib/router/index.js:281:22
    at Function.process_params (/home/vaneetkaushal/node_modules/express/lib/router/index.js:335:12)
    at next (/home/vaneetkaushal/node_modules/express/lib/router/index.js:275:10)
    at /home/vaneetkaushal/node_modules/body-parser/lib/read.js:130:5
    at invokeCallback (/home/vaneetkaushal/node_modules/raw-body/index.js:224:16)
TypeError: Cannot read property 'isAddress' of undefined
    at app.post (/home/vaneetkaushal/public_html/pcs/nodecxc/app.js:87:19)
    at Layer.handle [as handle_request] (/home/vaneetkaushal/node_modules/express/lib/router/layer.js:95:5)
    at next (/home/vaneetkaushal/node_modules/express/lib/router/route.js:137:13)
    at Route.dispatch (/home/vaneetkaushal/node_modules/express/lib/router/route.js:112:3)
    at Layer.handle [as handle_request] (/home/vaneetkaushal/node_modules/express/lib/router/layer.js:95:5)
    at /home/vaneetkaushal/node_modules/express/lib/router/index.js:281:22
    at Function.process_params (/home/vaneetkaushal/node_modules/express/lib/router/index.js:335:12)
    at next (/home/vaneetkaushal/node_modules/express/lib/router/index.js:275:10)
    at /home/vaneetkaushal/node_modules/body-parser/lib/read.js:130:5
    at invokeCallback (/home/vaneetkaushal/node_modules/raw-body/index.js:224:16)
TypeError: Cannot read property 'isAddress' of undefined
    at app.post (/home/vaneetkaushal/public_html/pcs/nodecxc/app.js:87:19)
    at Layer.handle [as handle_request] (/home/vaneetkaushal/node_modules/express/lib/router/layer.js:95:5)
    at next (/home/vaneetkaushal/node_modules/express/lib/router/route.js:137:13)
    at Route.dispatch (/home/vaneetkaushal/node_modules/express/lib/router/route.js:112:3)
    at Layer.handle [as handle_request] (/home/vaneetkaushal/node_modules/express/lib/router/layer.js:95:5)
    at /home/vaneetkaushal/node_modules/express/lib/router/index.js:281:22
    at Function.process_params (/home/vaneetkaushal/node_modules/express/lib/router/index.js:335:12)
    at next (/home/vaneetkaushal/node_modules/express/lib/router/index.js:275:10)
    at /home/vaneetkaushal/node_modules/body-parser/lib/read.js:130:5
    at invokeCallback (/home/vaneetkaushal/node_modules/raw-body/index.js:224:16)
TypeError: Cannot read property 'isAddress' of undefined
    at app.post (/home/vaneetkaushal/public_html/pcs/nodecxc/app.js:87:19)
    at Layer.handle [as handle_request] (/home/vaneetkaushal/node_modules/express/lib/router/layer.js:95:5)
    at next (/home/vaneetkaushal/node_modules/express/lib/router/route.js:137:13)
    at Route.dispatch (/home/vaneetkaushal/node_modules/express/lib/router/route.js:112:3)
    at Layer.handle [as handle_request] (/home/vaneetkaushal/node_modules/express/lib/router/layer.js:95:5)
    at /home/vaneetkaushal/node_modules/express/lib/router/index.js:281:22
    at Function.process_params (/home/vaneetkaushal/node_modules/express/lib/router/index.js:335:12)
    at next (/home/vaneetkaushal/node_modules/express/lib/router/index.js:275:10)
    at /home/vaneetkaushal/node_modules/body-parser/lib/read.js:130:5
    at invokeCallback (/home/vaneetkaushal/node_modules/raw-body/index.js:224:16)

> points-to-tokens@1.0.0 start /home/vaneetkaushal/public_html/pcs/nodecxc
> node app.js

server running at port 3000
internal/modules/cjs/loader.js:651
    throw err;
    ^

Error: Cannot find module 'web3'
    at Function.Module._resolveFilename (internal/modules/cjs/loader.js:649:15)
    at Function.Module._load (internal/modules/cjs/loader.js:575:25)
    at Module.require (internal/modules/cjs/loader.js:705:19)
    at require (internal/modules/cjs/helpers.js:14:16)
    at Object.<anonymous> (/home/vaneetkaushal/public_html/pcs/nodecxc/functions/send-tokens.js:6:8)
    at Module._compile (internal/modules/cjs/loader.js:799:30)
    at Object.Module._extensions..js (internal/modules/cjs/loader.js:810:10)
    at Module.load (internal/modules/cjs/loader.js:666:32)
    at tryModuleLoad (internal/modules/cjs/loader.js:606:12)
    at Function.Module._load (internal/modules/cjs/loader.js:598:3)
npm ERR! code ELIFECYCLE
npm ERR! errno 1
npm ERR! points-to-tokens@1.0.0 start: `node app.js`
npm ERR! Exit status 1
npm ERR! 
npm ERR! Failed at the points-to-tokens@1.0.0 start script.
npm ERR! This is probably not a problem with npm. There is likely additional logging output above.
npm WARN Local package.json exists, but node_modules missing, did you mean to install?

npm ERR! A complete log of this run can be found in:
npm ERR!     /home/vaneetkaushal/.npm/_logs/2019-04-01T10_30_06_577Z-debug.log
